<?xml version="1.0" encoding="UTF-8"?>
<coverage generated="1526705356708" clover="3.2.0">
  <project timestamp="1526705356708" name="All files">
    <metrics statements="9" coveredstatements="9" conditionals="0" coveredconditionals="0" methods="6" coveredmethods="6" elements="15" coveredelements="15" complexity="0" loc="9" ncloc="9" packages="1" files="1" classes="1">
      <file name="contentController.js" path="/Users/fu/DEV/textAnalyzer/controller/contentController.js">
        <metrics statements="9" coveredstatements="9" conditionals="0" coveredconditionals="0" methods="6" coveredmethods="6"/>
        <line num="1" count="2" type="stmt"/>
        <line num="2" count="2" type="stmt"/>
        <line num="3" count="4" type="stmt"/>
        <line num="4" count="4" type="stmt"/>
        <line num="5" count="6" type="stmt"/>
        <line num="6" count="6" type="stmt"/>
        <line num="13" count="6" type="stmt"/>
        <line num="14" count="42" type="stmt"/>
        <line num="18" count="2" type="stmt"/>
      </file>
    </metrics>
  </project>
</coverage>
