{"/Users/fu/DEV/textAnalyzer/controller/contentController.js": {"path":"/Users/fu/DEV/textAnalyzer/controller/contentController.js","statementMap":{"0":{"start":{"line":1,"column":10},"end":{"line":1,"column":38}},"1":{"start":{"line":3,"column":26},"end":{"line":28,"column":1}},"2":{"start":{"line":5,"column":18},"end":{"line":5,"column":55}},"3":{"start":{"line":6,"column":8},"end":{"line":6,"column":50}},"4":{"start":{"line":7,"column":8},"end":{"line":7,"column":46}},"5":{"start":{"line":8,"column":8},"end":{"line":8,"column":19}},"6":{"start":{"line":11,"column":8},"end":{"line":11,"column":31}},"7":{"start":{"line":14,"column":8},"end":{"line":14,"column":62}},"8":{"start":{"line":14,"column":36},"end":{"line":14,"column":60}},"9":{"start":{"line":17,"column":22},"end":{"line":25,"column":9}},"10":{"start":{"line":18,"column":12},"end":{"line":24,"column":14}},"11":{"start":{"line":19,"column":16},"end":{"line":23,"column":32}},"12":{"start":{"line":26,"column":8},"end":{"line":26,"column":21}},"13":{"start":{"line":30,"column":0},"end":{"line":30,"column":35}}},"fnMap":{"0":{"name":"(anonymous_0)","decl":{"start":{"line":4,"column":27},"end":{"line":4,"column":28}},"loc":{"start":{"line":4,"column":43},"end":{"line":9,"column":5}},"line":4},"1":{"name":"(anonymous_1)","decl":{"start":{"line":10,"column":19},"end":{"line":10,"column":20}},"loc":{"start":{"line":10,"column":27},"end":{"line":12,"column":5}},"line":10},"2":{"name":"(anonymous_2)","decl":{"start":{"line":13,"column":18},"end":{"line":13,"column":19}},"loc":{"start":{"line":13,"column":26},"end":{"line":15,"column":5}},"line":13},"3":{"name":"(anonymous_3)","decl":{"start":{"line":14,"column":24},"end":{"line":14,"column":25}},"loc":{"start":{"line":14,"column":36},"end":{"line":14,"column":60}},"line":14},"4":{"name":"(anonymous_4)","decl":{"start":{"line":16,"column":14},"end":{"line":16,"column":15}},"loc":{"start":{"line":16,"column":22},"end":{"line":27,"column":5}},"line":16},"5":{"name":"(anonymous_5)","decl":{"start":{"line":17,"column":31},"end":{"line":17,"column":32}},"loc":{"start":{"line":18,"column":12},"end":{"line":24,"column":14}},"line":18},"6":{"name":"(anonymous_6)","decl":{"start":{"line":18,"column":25},"end":{"line":18,"column":26}},"loc":{"start":{"line":18,"column":44},"end":{"line":24,"column":13}},"line":18}},"branchMap":{},"s":{"0":1,"1":1,"2":2,"3":2,"4":2,"5":2,"6":2,"7":2,"8":4,"9":2,"10":4,"11":10,"12":2,"13":1},"f":{"0":2,"1":2,"2":2,"3":4,"4":2,"5":4,"6":10},"b":{},"_coverageSchema":"332fd63041d2c1bcb487cc26dd0d5f7d97098a6c","hash":"3a6655e0e8f4bde169db34a2c39aea3065ec05b7"}
}
