{"/Users/fu/DEV/textAnalyzer/controller/contentController.js": {"path":"/Users/fu/DEV/textAnalyzer/controller/contentController.js","statementMap":{"0":{"start":{"line":1,"column":26},"end":{"line":16,"column":1}},"1":{"start":{"line":2,"column":37},"end":{"line":15,"column":11}},"2":{"start":{"line":3,"column":26},"end":{"line":3,"column":61}},"3":{"start":{"line":4,"column":26},"end":{"line":15,"column":10}},"4":{"start":{"line":5,"column":26},"end":{"line":5,"column":48}},"5":{"start":{"line":6,"column":27},"end":{"line":12,"column":27}},"6":{"start":{"line":13,"column":12},"end":{"line":13,"column":49}},"7":{"start":{"line":14,"column":12},"end":{"line":14,"column":55}},"8":{"start":{"line":14,"column":38},"end":{"line":14,"column":41}},"9":{"start":{"line":14,"column":52},"end":{"line":14,"column":53}},"10":{"start":{"line":14,"column":55},"end":{"line":14,"column":56}},"11":{"start":{"line":18,"column":0},"end":{"line":18,"column":35}}},"fnMap":{"0":{"name":"(anonymous_0)","decl":{"start":{"line":2,"column":27},"end":{"line":2,"column":28}},"loc":{"start":{"line":2,"column":37},"end":{"line":15,"column":11}},"line":2},"1":{"name":"(anonymous_1)","decl":{"start":{"line":3,"column":13},"end":{"line":3,"column":14}},"loc":{"start":{"line":3,"column":26},"end":{"line":3,"column":61}},"line":3},"2":{"name":"(anonymous_2)","decl":{"start":{"line":4,"column":13},"end":{"line":4,"column":14}},"loc":{"start":{"line":4,"column":26},"end":{"line":15,"column":10}},"line":4},"3":{"name":"(anonymous_3)","decl":{"start":{"line":4,"column":40},"end":{"line":4,"column":41}},"loc":{"start":{"line":4,"column":52},"end":{"line":15,"column":9}},"line":4},"4":{"name":"(anonymous_4)","decl":{"start":{"line":14,"column":33},"end":{"line":14,"column":34}},"loc":{"start":{"line":14,"column":38},"end":{"line":14,"column":41}},"line":14},"5":{"name":"(anonymous_5)","decl":{"start":{"line":14,"column":47},"end":{"line":14,"column":48}},"loc":{"start":{"line":14,"column":52},"end":{"line":14,"column":53}},"line":14}},"branchMap":{},"s":{"0":2,"1":2,"2":4,"3":4,"4":6,"5":6,"6":6,"7":6,"8":42,"9":40,"10":0,"11":2},"f":{"0":2,"1":4,"2":4,"3":6,"4":42,"5":40},"b":{},"_coverageSchema":"332fd63041d2c1bcb487cc26dd0d5f7d97098a6c","hash":"4de8d7bb000d42e750187a4ab82af58e5a49ef03"}
}
